Flow report for Problema1
Thu Apr 04 13:27:38 2019
Quartus II 64-Bit Version 15.0.0 Build 145 04/22/2015 Patches 0.01we SJ Web Edition


---------------------
; Table of Contents ;
---------------------
  1. Legal Notice
  2. Flow Summary
  3. Flow Settings
  4. Flow Non-Default Global Settings
  5. Flow Elapsed Time
  6. Flow OS Summary
  7. Flow Log
  8. Flow Messages
  9. Flow Suppressed Messages



----------------
; Legal Notice ;
----------------
Copyright (C) 1991-2015 Altera Corporation. All rights reserved.
Your use of Altera Corporation's design tools, logic functions 
and other software and tools, and its AMPP partner logic 
functions, and any output files from any of the foregoing 
(including device programming or simulation files), and any 
associated documentation or information are expressly subject 
to the terms and conditions of the Altera Program License 
Subscription Agreement, the Altera Quartus II License Agreement,
the Altera MegaCore Function License Agreement, or other 
applicable license agreement, including, without limitation, 
that your use is for the sole purpose of programming logic 
devices manufactured by Altera and sold by Altera or its 
authorized distributors.  Please refer to the applicable 
agreement for further details.



+------------------------------------------------------------------------------------------------+
; Flow Summary                                                                                   ;
+------------------------------------+-----------------------------------------------------------+
; Flow Status                        ; Successful - Thu Apr 04 13:27:38 2019                     ;
; Quartus II 64-Bit Version          ; 15.0.0 Build 145 04/22/2015 Patches 0.01we SJ Web Edition ;
; Revision Name                      ; Problema1                                                 ;
; Top-level Entity Name              ; arqt                                                      ;
; Family                             ; Cyclone IV E                                              ;
; Device                             ; EP4CE6E22C8                                               ;
; Timing Models                      ; Final                                                     ;
; Total logic elements               ; 1,665 / 6,272 ( 27 % )                                    ;
;     Total combinational functions  ; 1,558 / 6,272 ( 25 % )                                    ;
;     Dedicated logic registers      ; 911 / 6,272 ( 15 % )                                      ;
; Total registers                    ; 911                                                       ;
; Total pins                         ; 20 / 92 ( 22 % )                                          ;
; Total virtual pins                 ; 0                                                         ;
; Total memory bits                  ; 76,832 / 276,480 ( 28 % )                                 ;
; Embedded Multiplier 9-bit elements ; 0 / 30 ( 0 % )                                            ;
; Total PLLs                         ; 0 / 2 ( 0 % )                                             ;
+------------------------------------+-----------------------------------------------------------+


+-----------------------------------------+
; Flow Settings                           ;
+-------------------+---------------------+
; Option            ; Setting             ;
+-------------------+---------------------+
; Start date & time ; 04/04/2019 13:25:25 ;
; Main task         ; Compilation         ;
; Revision Name     ; Problema1           ;
+-------------------+---------------------+


+----------------------------------------------------------------------------------------------------------------------------+
; Flow Non-Default Global Settings                                                                                           ;
+-------------------------------------+---------------------------------------+---------------+-------------+----------------+
; Assignment Name                     ; Value                                 ; Default Value ; Entity Name ; Section Id     ;
+-------------------------------------+---------------------------------------+---------------+-------------+----------------+
; COMPILER_SIGNATURE_ID               ; 93181009264021.155439512511236        ; --            ; --          ; --             ;
; EDA_OUTPUT_DATA_FORMAT              ; Vhdl                                  ; --            ; --          ; eda_simulation ;
; EDA_SIMULATION_TOOL                 ; ModelSim-Altera (VHDL)                ; <None>        ; --          ; --             ;
; MAX_CORE_JUNCTION_TEMP              ; 85                                    ; --            ; --          ; --             ;
; MIN_CORE_JUNCTION_TEMP              ; 0                                     ; --            ; --          ; --             ;
; NOMINAL_CORE_SUPPLY_VOLTAGE         ; 1.2V                                  ; --            ; --          ; --             ;
; PARTITION_COLOR                     ; 16764057                              ; --            ; arqt        ; Top            ;
; PARTITION_FITTER_PRESERVATION_LEVEL ; PLACEMENT_AND_ROUTING                 ; --            ; arqt        ; Top            ;
; PARTITION_NETLIST_TYPE              ; SOURCE                                ; --            ; arqt        ; Top            ;
; POWER_BOARD_THERMAL_MODEL           ; None (CONSERVATIVE)                   ; --            ; --          ; --             ;
; POWER_PRESET_COOLING_SOLUTION       ; 23 MM HEAT SINK WITH 200 LFPM AIRFLOW ; --            ; --          ; --             ;
; PROJECT_OUTPUT_DIRECTORY            ; output_files                          ; --            ; --          ; --             ;
; TOP_LEVEL_ENTITY                    ; arqt                                  ; Problema1     ; --          ; --             ;
+-------------------------------------+---------------------------------------+---------------+-------------+----------------+


+-------------------------------------------------------------------------------------------------------------------------------+
; Flow Elapsed Time                                                                                                             ;
+---------------------------+--------------+-------------------------+---------------------+------------------------------------+
; Module Name               ; Elapsed Time ; Average Processors Used ; Peak Virtual Memory ; Total CPU Time (on all processors) ;
+---------------------------+--------------+-------------------------+---------------------+------------------------------------+
; Analysis & Synthesis      ; 00:01:37     ; 1.0                     ; 4952 MB             ; 00:02:18                           ;
; Fitter                    ; 00:00:09     ; 1.0                     ; 5580 MB             ; 00:00:11                           ;
; Assembler                 ; 00:00:01     ; 1.0                     ; 4764 MB             ; 00:00:01                           ;
; TimeQuest Timing Analyzer ; 00:00:04     ; 1.0                     ; 4879 MB             ; 00:00:04                           ;
; EDA Netlist Writer        ; 00:00:04     ; 1.0                     ; 4756 MB             ; 00:00:03                           ;
; Total                     ; 00:01:55     ; --                      ; --                  ; 00:02:37                           ;
+---------------------------+--------------+-------------------------+---------------------+------------------------------------+


+----------------------------------------------------------------------------------------+
; Flow OS Summary                                                                        ;
+---------------------------+------------------+-----------+------------+----------------+
; Module Name               ; Machine Hostname ; OS Name   ; OS Version ; Processor type ;
+---------------------------+------------------+-----------+------------+----------------+
; Analysis & Synthesis      ; DESKTOP-PQQL7I0  ; Windows 7 ; 6.2        ; x86_64         ;
; Fitter                    ; DESKTOP-PQQL7I0  ; Windows 7 ; 6.2        ; x86_64         ;
; Assembler                 ; DESKTOP-PQQL7I0  ; Windows 7 ; 6.2        ; x86_64         ;
; TimeQuest Timing Analyzer ; DESKTOP-PQQL7I0  ; Windows 7 ; 6.2        ; x86_64         ;
; EDA Netlist Writer        ; DESKTOP-PQQL7I0  ; Windows 7 ; 6.2        ; x86_64         ;
+---------------------------+------------------+-----------+------------+----------------+


------------
; Flow Log ;
------------
quartus_map --read_settings_files=on --write_settings_files=off Problema1 -c Problema1
quartus_fit --read_settings_files=off --write_settings_files=off Problema1 -c Problema1
quartus_asm --read_settings_files=off --write_settings_files=off Problema1 -c Problema1
quartus_sta Problema1 -c Problema1
quartus_eda --read_settings_files=off --write_settings_files=off Problema1 -c Problema1



